<?xml version="1.0" encoding="UTF-8"?>
<!-- Generated by org.testng.reporters.JUnitReportReporter -->
<testsuite skipped="0" hostname="DTWD24" name="gpmsUI.gpmsAutomation.functionValidations" tests="4" failures="1" timestamp="08 May 2019 11:19:10 GMT" time="45.948" errors="0">
  <testcase name="resetEmployeeLevel" time="2.955" classname="gpmsUI.gpmsAutomation.functionValidations"/>
  <testcase name="unconfirmEmployeeLevel" time="2.162" classname="gpmsUI.gpmsAutomation.functionValidations">
    <failure type="java.lang.AssertionError" message="Failed: Unconfirm function from employee level not available, as Employee is not in Confirmed Status">
      <![CDATA[java.lang.AssertionError: Failed: Unconfirm function from employee level not available, as Employee is not in Confirmed Status
at org.testng.Assert.fail(Assert.java:96)
at gpmsUI.gpmsAutomation.functionValidations.unconfirmEmployeeLevel(functionValidations.java:104)
at sun.reflect.NativeMethodAccessorImpl.invoke0(Native Method)
at sun.reflect.NativeMethodAccessorImpl.invoke(Unknown Source)
at sun.reflect.DelegatingMethodAccessorImpl.invoke(Unknown Source)
at java.lang.reflect.Method.invoke(Unknown Source)
at org.testng.internal.MethodInvocationHelper.invokeMethod(MethodInvocationHelper.java:124)
at org.testng.internal.Invoker.invokeMethod(Invoker.java:583)
at org.testng.internal.Invoker.invokeTestMethod(Invoker.java:719)
at org.testng.internal.Invoker.invokeTestMethods(Invoker.java:989)
at org.testng.internal.TestMethodWorker.invokeTestMethods(TestMethodWorker.java:125)
at org.testng.internal.TestMethodWorker.run(TestMethodWorker.java:109)
at org.testng.TestRunner.privateRun(TestRunner.java:648)
at org.testng.TestRunner.run(TestRunner.java:505)
at org.testng.SuiteRunner.runTest(SuiteRunner.java:455)
at org.testng.SuiteRunner.runSequentially(SuiteRunner.java:450)
at org.testng.SuiteRunner.privateRun(SuiteRunner.java:415)
at org.testng.SuiteRunner.run(SuiteRunner.java:364)
at org.testng.SuiteRunnerWorker.runSuite(SuiteRunnerWorker.java:52)
at org.testng.SuiteRunnerWorker.run(SuiteRunnerWorker.java:84)
at org.testng.TestNG.runSuitesSequentially(TestNG.java:1208)
at org.testng.TestNG.runSuitesLocally(TestNG.java:1137)
at org.testng.TestNG.runSuites(TestNG.java:1049)
at org.testng.TestNG.run(TestNG.java:1017)
at org.testng.remote.AbstractRemoteTestNG.run(AbstractRemoteTestNG.java:115)
at org.testng.remote.RemoteTestNG.initAndRun(RemoteTestNG.java:251)
at org.testng.remote.RemoteTestNG.main(RemoteTestNG.java:77)
]]>
    </failure>
  </testcase> <!-- unconfirmEmployeeLevel -->
  <testcase name="lockEmployeeLevel" time="3.059" classname="gpmsUI.gpmsAutomation.functionValidations"/>
  <testcase name="allPeriodProcessingsFromPayrollLevel" time="37.772" classname="gpmsUI.gpmsAutomation.functionValidations"/>
</testsuite> <!-- gpmsUI.gpmsAutomation.functionValidations -->
