<?xml version="1.0" encoding="UTF-8"?>
<!-- Generated by org.testng.reporters.JUnitReportReporter -->
<testsuite skipped="0" hostname="DTWD24" name="gpmsUI.gpmsAutomation.functionValidations" tests="2" failures="0" timestamp="09 May 2019 10:38:36 GMT" time="5.491" errors="0">
  <testcase name="homePage" time="4.460" classname="gpmsUI.gpmsAutomation.functionValidations"/>
  <testcase name="loginTST3" time="1.031" classname="gpmsUI.gpmsAutomation.functionValidations"/>
</testsuite> <!-- gpmsUI.gpmsAutomation.functionValidations -->
