<?xml version="1.0" encoding="UTF-8"?>
<!-- Generated by org.testng.reporters.JUnitReportReporter -->
<testsuite skipped="0" hostname="DTWD24" name="gpmsUI.gpmsAutomation.basicDetails" tests="2" failures="0" timestamp="23 Apr 2019 14:33:44 GMT" time="7.434" errors="0">
  <testcase name="loginTST3" time="2.203" classname="gpmsUI.gpmsAutomation.basicDetails"/>
  <testcase name="homePage" time="5.231" classname="gpmsUI.gpmsAutomation.basicDetails"/>
</testsuite> <!-- gpmsUI.gpmsAutomation.basicDetails -->
