<?xml version="1.0" encoding="UTF-8"?>
<!-- Generated by org.testng.reporters.JUnitReportReporter -->
<testsuite skipped="0" hostname="DTWD24" name="gpmsUI.gpmsAutomation.basicDetails" tests="2" failures="0" timestamp="09 May 2019 11:10:55 GMT" time="6.504" errors="0">
  <testcase name="homePage" time="5.278" classname="gpmsUI.gpmsAutomation.basicDetails"/>
  <testcase name="loginTST3" time="1.226" classname="gpmsUI.gpmsAutomation.basicDetails"/>
</testsuite> <!-- gpmsUI.gpmsAutomation.basicDetails -->
