<?xml version="1.0" encoding="UTF-8"?>
<!-- Generated by org.testng.reporters.JUnitReportReporter -->
<testsuite skipped="0" hostname="DTWD24" name="gpmsUI.gpmsAutomation.downloadReports" tests="1" failures="0" timestamp="26 Apr 2019 14:10:27 GMT" time="8.749" errors="0">
  <testcase name="downloadEmployeeDataUploadTemplate" time="8.749" classname="gpmsUI.gpmsAutomation.downloadReports"/>
</testsuite> <!-- gpmsUI.gpmsAutomation.downloadReports -->
