<?xml version="1.0" encoding="UTF-8"?>
<!-- Generated by org.testng.reporters.JUnitReportReporter -->
<testsuite skipped="0" hostname="DTWD24" name="gpmsUI.gpmsAutomation.basicDetails" tests="2" failures="0" timestamp="03 May 2019 13:24:54 GMT" time="7.469" errors="0">
  <testcase name="loginTST3" time="2.122" classname="gpmsUI.gpmsAutomation.basicDetails"/>
  <testcase name="homePage" time="5.347" classname="gpmsUI.gpmsAutomation.basicDetails"/>
</testsuite> <!-- gpmsUI.gpmsAutomation.basicDetails -->
