<?xml version="1.0" encoding="UTF-8"?>
<!-- Generated by org.testng.reporters.JUnitReportReporter -->
<testsuite skipped="0" hostname="DTWD24" name="gpmsUI.gpmsAutomation.basicDetails" tests="2" failures="0" timestamp="08 May 2019 11:35:09 GMT" time="6.565" errors="0">
  <testcase name="homePage" time="5.305" classname="gpmsUI.gpmsAutomation.basicDetails"/>
  <testcase name="loginTST3" time="1.260" classname="gpmsUI.gpmsAutomation.basicDetails"/>
</testsuite> <!-- gpmsUI.gpmsAutomation.basicDetails -->
