<?xml version="1.0" encoding="UTF-8"?>
<!-- Generated by org.testng.reporters.JUnitReportReporter -->
<testsuite skipped="0" hostname="DTWD24" name="gpmsUI.gpmsAutomation.addingPayDedsEntitlementsRandom" tests="8" failures="0" timestamp="13 May 2019 07:35:59 GMT" time="77.881" errors="0">
  <testcase name="addNotionalAmountsPermRandom" time="14.022" classname="gpmsUI.gpmsAutomation.addingPayDedsEntitlementsRandom"/>
  <testcase name="addEntitlementsTempRandom" time="6.174" classname="gpmsUI.gpmsAutomation.addingPayDedsEntitlementsRandom"/>
  <testcase name="addPaymentsRandom" time="8.984" classname="gpmsUI.gpmsAutomation.addingPayDedsEntitlementsRandom"/>
  <testcase name="addEntitlementsUnitPayRandom" time="7.195" classname="gpmsUI.gpmsAutomation.addingPayDedsEntitlementsRandom"/>
  <testcase name="addDeductionsRandom" time="9.281" classname="gpmsUI.gpmsAutomation.addingPayDedsEntitlementsRandom"/>
  <testcase name="addEntitlementsPermRandom" time="7.948" classname="gpmsUI.gpmsAutomation.addingPayDedsEntitlementsRandom"/>
  <testcase name="addUnitPayRandom" time="10.896" classname="gpmsUI.gpmsAutomation.addingPayDedsEntitlementsRandom"/>
  <testcase name="addNotionalAmountsTempRandom" time="13.381" classname="gpmsUI.gpmsAutomation.addingPayDedsEntitlementsRandom"/>
</testsuite> <!-- gpmsUI.gpmsAutomation.addingPayDedsEntitlementsRandom -->
