<?xml version="1.0" encoding="UTF-8"?>
<!-- Generated by org.testng.reporters.JUnitReportReporter -->
<testsuite skipped="0" hostname="DTWD24" name="gpmsUI.gpmsAutomation.addingPayDedsEntitlementsRandom" tests="2" failures="0" timestamp="03 May 2019 13:24:54 GMT" time="6.508" errors="0">
  <testcase name="homePage" time="4.478" classname="gpmsUI.gpmsAutomation.addingPayDedsEntitlementsRandom"/>
  <testcase name="loginTST3" time="2.030" classname="gpmsUI.gpmsAutomation.addingPayDedsEntitlementsRandom"/>
</testsuite> <!-- gpmsUI.gpmsAutomation.addingPayDedsEntitlementsRandom -->
