<?xml version="1.0" encoding="UTF-8"?>
<!-- Generated by org.testng.reporters.JUnitReportReporter -->
<testsuite skipped="0" hostname="DTWD24" name="gpmsUI.gpmsAutomation.basicDetails" tests="2" failures="0" timestamp="22 Apr 2019 10:42:01 GMT" time="13.253" errors="0">
  <testcase name="loginTST3" time="6.883" classname="gpmsUI.gpmsAutomation.basicDetails"/>
  <testcase name="homePage" time="6.370" classname="gpmsUI.gpmsAutomation.basicDetails"/>
</testsuite> <!-- gpmsUI.gpmsAutomation.basicDetails -->
