<?xml version="1.0" encoding="UTF-8"?>
<!-- Generated by org.testng.reporters.JUnitReportReporter -->
<testsuite skipped="0" hostname="DTWD24" name="gpmsUI.gpmsAutomation.functionValidations" tests="3" failures="0" timestamp="26 Apr 2019 14:10:27 GMT" time="8.186" errors="0">
  <testcase name="lockEmployeeLevel" time="2.796" classname="gpmsUI.gpmsAutomation.functionValidations"/>
  <testcase name="unconfirmEmployeeLevel" time="2.681" classname="gpmsUI.gpmsAutomation.functionValidations"/>
  <testcase name="resetEmployeeLevel" time="2.709" classname="gpmsUI.gpmsAutomation.functionValidations"/>
</testsuite> <!-- gpmsUI.gpmsAutomation.functionValidations -->
