<?xml version="1.0" encoding="UTF-8"?>
<!-- Generated by org.testng.reporters.JUnitReportReporter -->
<testsuite skipped="0" hostname="DTWD24" name="gpmsUI.gpmsAutomation.basicDetails" tests="2" failures="0" timestamp="13 May 2019 07:35:59 GMT" time="7.504" errors="0">
  <testcase name="homePage" time="5.370" classname="gpmsUI.gpmsAutomation.basicDetails"/>
  <testcase name="loginTST3" time="2.134" classname="gpmsUI.gpmsAutomation.basicDetails"/>
</testsuite> <!-- gpmsUI.gpmsAutomation.basicDetails -->
