<?xml version="1.0" encoding="UTF-8"?>
<!-- Generated by org.testng.reporters.JUnitReportReporter -->
<testsuite skipped="0" hostname="DTWD24" name="gpmsUI.gpmsAutomation.downloadReports" tests="2" failures="0" timestamp="09 May 2019 10:38:36 GMT" time="5.632" errors="0">
  <testcase name="homePage" time="4.639" classname="gpmsUI.gpmsAutomation.downloadReports"/>
  <testcase name="loginTST3" time="0.993" classname="gpmsUI.gpmsAutomation.downloadReports"/>
</testsuite> <!-- gpmsUI.gpmsAutomation.downloadReports -->
