<?xml version="1.0" encoding="UTF-8"?>
<!-- Generated by org.testng.reporters.JUnitReportReporter -->
<testsuite skipped="0" hostname="DTWD24" name="gpmsUI.gpmsAutomation.addingPayDedsEntitlementsUserDefined" tests="2" failures="0" timestamp="09 May 2019 10:38:36 GMT" time="5.412" errors="0">
  <testcase name="loginTST3" time="0.971" classname="gpmsUI.gpmsAutomation.addingPayDedsEntitlementsUserDefined"/>
  <testcase name="homePage" time="4.441" classname="gpmsUI.gpmsAutomation.addingPayDedsEntitlementsUserDefined"/>
</testsuite> <!-- gpmsUI.gpmsAutomation.addingPayDedsEntitlementsUserDefined -->
