<?xml version="1.0" encoding="UTF-8"?>
<!-- Generated by org.testng.reporters.JUnitReportReporter -->
<testsuite skipped="0" hostname="DTWD24" name="gpmsUI.gpmsAutomation.addingPayDedsEntitlementsUserDefined" tests="2" failures="0" timestamp="03 May 2019 13:24:54 GMT" time="6.397" errors="0">
  <testcase name="loginTST3" time="2.039" classname="gpmsUI.gpmsAutomation.addingPayDedsEntitlementsUserDefined"/>
  <testcase name="homePage" time="4.358" classname="gpmsUI.gpmsAutomation.addingPayDedsEntitlementsUserDefined"/>
</testsuite> <!-- gpmsUI.gpmsAutomation.addingPayDedsEntitlementsUserDefined -->
