<?xml version="1.0" encoding="UTF-8"?>
<!-- Generated by org.testng.reporters.JUnitReportReporter -->
<testsuite skipped="0" hostname="DTWD24" name="gpmsUI.gpmsAutomation.addingEPADetails" tests="1" failures="0" timestamp="20 May 2019 09:04:47 GMT" time="12.769" errors="0">
  <testcase name="addEPARandom" time="12.769" classname="gpmsUI.gpmsAutomation.addingEPADetails"/>
</testsuite> <!-- gpmsUI.gpmsAutomation.addingEPADetails -->
