<?xml version="1.0" encoding="UTF-8"?>
<!-- Generated by org.testng.reporters.JUnitReportReporter -->
<testsuite skipped="0" hostname="DTWD24" name="gpmsUI.gpmsAutomation.verifyMenuBarLinks" tests="1" failures="0" timestamp="20 May 2019 14:22:37 GMT" time="7.662" errors="0">
  <testcase name="forgottenPassword" time="7.662" classname="gpmsUI.gpmsAutomation.verifyMenuBarLinks"/>
</testsuite> <!-- gpmsUI.gpmsAutomation.verifyMenuBarLinks -->
