<?xml version="1.0" encoding="UTF-8"?>
<!-- Generated by org.testng.reporters.JUnitReportReporter -->
<testsuite skipped="0" hostname="DTWD24" name="gpmsUI.gpmsAutomation.addingPayDedsEntitlementsRandom" tests="8" failures="0" timestamp="20 May 2019 09:04:47 GMT" time="80.003" errors="0">
  <testcase name="addDeductionsRandom" time="13.646" classname="gpmsUI.gpmsAutomation.addingPayDedsEntitlementsRandom"/>
  <testcase name="addEntitlementsTempRandom" time="9.968" classname="gpmsUI.gpmsAutomation.addingPayDedsEntitlementsRandom"/>
  <testcase name="addUnitPayRandom" time="7.110" classname="gpmsUI.gpmsAutomation.addingPayDedsEntitlementsRandom"/>
  <testcase name="addEntitlementsUnitPayRandom" time="7.059" classname="gpmsUI.gpmsAutomation.addingPayDedsEntitlementsRandom"/>
  <testcase name="addPaymentsRandom" time="13.317" classname="gpmsUI.gpmsAutomation.addingPayDedsEntitlementsRandom"/>
  <testcase name="addNotionalAmountsTempRandom" time="7.883" classname="gpmsUI.gpmsAutomation.addingPayDedsEntitlementsRandom"/>
  <testcase name="addNotionalAmountsPermRandom" time="8.945" classname="gpmsUI.gpmsAutomation.addingPayDedsEntitlementsRandom"/>
  <testcase name="addEntitlementsPermRandom" time="12.075" classname="gpmsUI.gpmsAutomation.addingPayDedsEntitlementsRandom"/>
</testsuite> <!-- gpmsUI.gpmsAutomation.addingPayDedsEntitlementsRandom -->
