<?xml version="1.0" encoding="UTF-8"?>
<!-- Generated by org.testng.reporters.JUnitReportReporter -->
<testsuite skipped="0" hostname="DTWD24" name="gpmsUI.gpmsAutomation.downloadUploadReports" tests="2" failures="0" timestamp="20 May 2019 09:04:47 GMT" time="114.847" errors="0">
  <testcase name="downloadEmployeeDataUploadTemplate" time="51.060" classname="gpmsUI.gpmsAutomation.downloadUploadReports"/>
  <testcase name="adddDetailsInEmployeeDataUploadTemplate" time="63.787" classname="gpmsUI.gpmsAutomation.downloadUploadReports"/>
</testsuite> <!-- gpmsUI.gpmsAutomation.downloadUploadReports -->
