<?xml version="1.0" encoding="UTF-8"?>
<!-- Generated by org.testng.reporters.JUnitReportReporter -->
<testsuite skipped="0" hostname="DTWD24" name="gpmsUI.gpmsAutomation.addingEPADetails" tests="1" failures="0" timestamp="09 May 2019 10:44:08 GMT" time="7.432" errors="0">
  <testcase name="addEPARequired" time="7.432" classname="gpmsUI.gpmsAutomation.addingEPADetails"/>
</testsuite> <!-- gpmsUI.gpmsAutomation.addingEPADetails -->
