<?xml version="1.0" encoding="UTF-8"?>
<!-- Generated by org.testng.reporters.JUnitReportReporter -->
<testsuite skipped="0" hostname="DTWD24" name="gpmsUI.gpmsAutomation.addingNewDetails" tests="4" failures="0" timestamp="16 May 2019 14:21:15 GMT" time="21.997" errors="0">
  <testcase name="addPayroll" time="4.339" classname="gpmsUI.gpmsAutomation.addingNewDetails"/>
  <testcase name="createPayrollAssignment" time="7.036" classname="gpmsUI.gpmsAutomation.addingNewDetails"/>
  <testcase name="addEmployee" time="4.383" classname="gpmsUI.gpmsAutomation.addingNewDetails"/>
  <testcase name="editPayrollPeriods" time="6.239" classname="gpmsUI.gpmsAutomation.addingNewDetails"/>
</testsuite> <!-- gpmsUI.gpmsAutomation.addingNewDetails -->
