<?xml version="1.0" encoding="UTF-8"?>
<!-- Generated by org.testng.reporters.JUnitReportReporter -->
<testsuite skipped="0" hostname="DTWD24" name="gpmsUI.gpmsAutomation.downloadReports" tests="3" failures="0" timestamp="07 May 2019 08:56:06 GMT" time="58.727" errors="0">
  <testcase name="homePage" time="5.383" classname="gpmsUI.gpmsAutomation.downloadReports"/>
  <testcase name="downloadEmployeeDataUploadTemplate" time="51.112" classname="gpmsUI.gpmsAutomation.downloadReports"/>
  <testcase name="loginTST3" time="2.232" classname="gpmsUI.gpmsAutomation.downloadReports"/>
</testsuite> <!-- gpmsUI.gpmsAutomation.downloadReports -->
