<?xml version="1.0" encoding="UTF-8"?>
<!-- Generated by org.testng.reporters.JUnitReportReporter -->
<testsuite skipped="0" hostname="DTWD24" name="gpmsUI.gpmsAutomation.functionValidations" tests="6" failures="0" timestamp="20 May 2019 09:04:47 GMT" time="76.595" errors="0">
  <testcase name="lockEmployeeLevel" time="2.905" classname="gpmsUI.gpmsAutomation.functionValidations"/>
  <testcase name="unconfirmEmployeeLevel" time="3.419" classname="gpmsUI.gpmsAutomation.functionValidations"/>
  <testcase name="resetEmployeeLevel" time="3.113" classname="gpmsUI.gpmsAutomation.functionValidations"/>
  <testcase name="resetPeriodPayrollLevel" time="14.952" classname="gpmsUI.gpmsAutomation.functionValidations"/>
  <testcase name="unconfirmPeriodPayrollLevel" time="15.037" classname="gpmsUI.gpmsAutomation.functionValidations"/>
  <testcase name="lockProcessConfirmPeriodsFromPayrollLevel" time="37.169" classname="gpmsUI.gpmsAutomation.functionValidations"/>
</testsuite> <!-- gpmsUI.gpmsAutomation.functionValidations -->
