<?xml version="1.0" encoding="UTF-8"?>
<!-- Generated by org.testng.reporters.JUnitReportReporter -->
<testsuite skipped="0" hostname="DTWD24" name="gpmsUI.gpmsAutomation.downloadReports" tests="3" failures="0" timestamp="13 May 2019 12:17:06 GMT" time="58.429" errors="0">
  <testcase name="homePage" time="6.337" classname="gpmsUI.gpmsAutomation.downloadReports"/>
  <testcase name="downloadEmployeeDataUploadTemplate" time="49.896" classname="gpmsUI.gpmsAutomation.downloadReports"/>
  <testcase name="loginTST3" time="2.196" classname="gpmsUI.gpmsAutomation.downloadReports"/>
</testsuite> <!-- gpmsUI.gpmsAutomation.downloadReports -->
