<?xml version="1.0" encoding="UTF-8"?>
<!-- Generated by org.testng.reporters.JUnitReportReporter -->
<testsuite skipped="0" hostname="DTWD24" name="gpmsUI.gpmsAutomation.addingNewDetails" tests="4" failures="0" timestamp="20 May 2019 09:04:47 GMT" time="22.353" errors="0">
  <testcase name="addPayroll" time="4.538" classname="gpmsUI.gpmsAutomation.addingNewDetails"/>
  <testcase name="createPayrollAssignment" time="7.203" classname="gpmsUI.gpmsAutomation.addingNewDetails"/>
  <testcase name="addEmployee" time="4.407" classname="gpmsUI.gpmsAutomation.addingNewDetails"/>
  <testcase name="editPayrollPeriods" time="6.205" classname="gpmsUI.gpmsAutomation.addingNewDetails"/>
</testsuite> <!-- gpmsUI.gpmsAutomation.addingNewDetails -->
