<?xml version="1.0" encoding="UTF-8"?>
<!-- Generated by org.testng.reporters.JUnitReportReporter -->
<testsuite skipped="0" hostname="DTWD24" name="gpmsUI.gpmsAutomation.addingPayDedsEntitlementsRandom" tests="8" failures="0" timestamp="16 May 2019 14:21:15 GMT" time="68.060" errors="0">
  <testcase name="addNotionalAmountsPermRandom" time="8.970" classname="gpmsUI.gpmsAutomation.addingPayDedsEntitlementsRandom"/>
  <testcase name="addEntitlementsTempRandom" time="6.015" classname="gpmsUI.gpmsAutomation.addingPayDedsEntitlementsRandom"/>
  <testcase name="addNotionalAmountsTempRandom" time="13.141" classname="gpmsUI.gpmsAutomation.addingPayDedsEntitlementsRandom"/>
  <testcase name="addEntitlementsPermRandom" time="7.773" classname="gpmsUI.gpmsAutomation.addingPayDedsEntitlementsRandom"/>
  <testcase name="addEntitlementsUnitPayRandom" time="7.317" classname="gpmsUI.gpmsAutomation.addingPayDedsEntitlementsRandom"/>
  <testcase name="addDeductionsRandom" time="9.022" classname="gpmsUI.gpmsAutomation.addingPayDedsEntitlementsRandom"/>
  <testcase name="addUnitPayRandom" time="7.075" classname="gpmsUI.gpmsAutomation.addingPayDedsEntitlementsRandom"/>
  <testcase name="addPaymentsRandom" time="8.747" classname="gpmsUI.gpmsAutomation.addingPayDedsEntitlementsRandom"/>
</testsuite> <!-- gpmsUI.gpmsAutomation.addingPayDedsEntitlementsRandom -->
