<?xml version="1.0" encoding="UTF-8"?>
<!-- Generated by org.testng.reporters.JUnitReportReporter -->
<testsuite skipped="0" hostname="DTWD24" name="gpmsUI.gpmsAutomation.addingPayDedsEntitlementsUserDefined" tests="2" failures="0" timestamp="03 May 2019 13:42:01 GMT" time="6.466" errors="0">
  <testcase name="loginTST3" time="2.054" classname="gpmsUI.gpmsAutomation.addingPayDedsEntitlementsUserDefined"/>
  <testcase name="homePage" time="4.412" classname="gpmsUI.gpmsAutomation.addingPayDedsEntitlementsUserDefined"/>
</testsuite> <!-- gpmsUI.gpmsAutomation.addingPayDedsEntitlementsUserDefined -->
