<?xml version="1.0" encoding="UTF-8"?>
<!-- Generated by org.testng.reporters.JUnitReportReporter -->
<testsuite skipped="0" hostname="DTWD24" name="gpmsUI.gpmsAutomation.addingPayDedsEntitlementsRandom" tests="8" failures="0" timestamp="08 May 2019 11:19:10 GMT" time="70.120" errors="0">
  <testcase name="addNotionalAmountsPermRandom" time="13.288" classname="gpmsUI.gpmsAutomation.addingPayDedsEntitlementsRandom"/>
  <testcase name="addDeductionsRandom" time="8.909" classname="gpmsUI.gpmsAutomation.addingPayDedsEntitlementsRandom"/>
  <testcase name="addEntitlementsTempRandom" time="6.009" classname="gpmsUI.gpmsAutomation.addingPayDedsEntitlementsRandom"/>
  <testcase name="addEntitlementsPermRandom" time="11.830" classname="gpmsUI.gpmsAutomation.addingPayDedsEntitlementsRandom"/>
  <testcase name="addUnitPayRandom" time="7.066" classname="gpmsUI.gpmsAutomation.addingPayDedsEntitlementsRandom"/>
  <testcase name="addPaymentsRandom" time="8.567" classname="gpmsUI.gpmsAutomation.addingPayDedsEntitlementsRandom"/>
  <testcase name="addNotionalAmountsTempRandom" time="7.502" classname="gpmsUI.gpmsAutomation.addingPayDedsEntitlementsRandom"/>
  <testcase name="addEntitlementsUnitPayRandom" time="6.949" classname="gpmsUI.gpmsAutomation.addingPayDedsEntitlementsRandom"/>
</testsuite> <!-- gpmsUI.gpmsAutomation.addingPayDedsEntitlementsRandom -->
