<?xml version="1.0" encoding="UTF-8"?>
<!-- Generated by org.testng.reporters.JUnitReportReporter -->
<testsuite skipped="0" hostname="DTWD24" name="gpmsAutomation.gpmsMain.main" tests="2" failures="0" timestamp="15 Apr 2019 13:31:10 GMT" time="6.545" errors="0">
  <testcase name="loginTST3" time="1.311" classname="gpmsAutomation.gpmsMain.main"/>
  <testcase name="homePage" time="5.234" classname="gpmsAutomation.gpmsMain.main"/>
</testsuite> <!-- gpmsAutomation.gpmsMain.main -->
